<?xml version="1.0" encoding="UTF-8"?>
<!-- Generated by org.testng.reporters.JUnitReportReporter -->
<testsuite skipped="0" hostname="JAY" name="com.hsbcnet.testcases.LoginTest" tests="1" failures="0" timestamp="27 Sep 2018 11:59:33 GMT" time="20.944" errors="0">
  <testcase name="Login" time="20.944" classname="com.hsbcnet.testcases.LoginTest"/>
</testsuite> <!-- com.hsbcnet.testcases.LoginTest -->
