<?xml version="1.0" encoding="UTF-8"?>
<!-- Generated by org.testng.reporters.JUnitReportReporter -->
<testsuite skipped="0" hostname="Viraj-PC" name="com.hsbcnet.base.BaseTest" tests="1" failures="0" timestamp="14 Jun 2018 17:59:59 GMT" time="0.064" errors="0">
  <testcase name="f" time="0.064" classname="com.hsbcnet.base.BaseTest"/>
</testsuite> <!-- com.hsbcnet.base.BaseTest -->
