<?xml version="1.0" encoding="UTF-8"?>
<!-- Generated by org.testng.reporters.JUnitReportReporter -->
<testsuite skipped="0" hostname="JAY" name="com.hsbcnet.testcases.DashBoardTest" tests="1" failures="0" timestamp="27 Sep 2018 11:59:33 GMT" time="0.324" errors="0">
  <testcase name="verifyLogin" time="0.324" classname="com.hsbcnet.testcases.DashBoardTest"/>
</testsuite> <!-- com.hsbcnet.testcases.DashBoardTest -->
